Train job  917190  on gpu03
0: [rank: 0] Seed set to 42
0: GPU available: True (cuda), used: False
0: TPU available: False, using: 0 TPU cores
0: HPU available: False, using: 0 HPUs
0: /home/marksteller/work_fast/miniconda3/envs/knowledgeBoosting/lib/python3.9/site-packages/lightning/pytorch/trainer/setup.py:177: GPU available but not used. You can set it by doing `Trainer(accelerator='gpu')`.
0: `Trainer(limit_train_batches=1.0)` was configured so 100% of the batches per epoch will be used..
0: `Trainer(limit_val_batches=1.0)` was configured so 100% of the batches will be used..
0: `Trainer(limit_test_batches=1.0)` was configured so 100% of the batches will be used..
0: Traceback (most recent call last):
0:   File "/home/marksteller/work_fast/miniconda3/envs/knowledgeBoosting/lib/python3.9/runpy.py", line 197, in _run_module_as_main
0:     return _run_code(code, main_globals, None,
0:   File "/home/marksteller/work_fast/miniconda3/envs/knowledgeBoosting/lib/python3.9/runpy.py", line 87, in _run_code
0:     exec(code, run_globals)
0:   File "/beegfs/work_fast/marksteller/knowledge-boosting-test/sach_shared/src/trainer.py", line 134, in <module>
0:     main(args, hparams)
0:   File "/beegfs/work_fast/marksteller/knowledge-boosting-test/sach_shared/src/trainer.py", line 92, in main
0:     train_ds = utils.import_attr(hparams.train_dataset)(**hparams.train_data_args)
0:   File "/beegfs/work_fast/marksteller/knowledge-boosting-test/sach_shared/src/utils.py", line 15, in import_attr
0:     return getattr(importlib.import_module(module), attr)
0:   File "/home/marksteller/work_fast/miniconda3/envs/knowledgeBoosting/lib/python3.9/importlib/__init__.py", line 127, in import_module
0:     return _bootstrap._gcd_import(name[level:], package, level)
0:   File "<frozen importlib._bootstrap>", line 1030, in _gcd_import
0:   File "<frozen importlib._bootstrap>", line 1007, in _find_and_load
0:   File "<frozen importlib._bootstrap>", line 984, in _find_and_load_unlocked
0: ModuleNotFoundError: No module named 'datasets.BakedTSE_dataset'
0: Logging learning rate
0: USING GRADIENT CLIPPING 1
srun: error: gpu03: task 0: Exited with exit code 1
